[32m  INFO[0m: Launching config: "/nix/store/k0cs3hwdfkr5khvjm7gla20n6prjvzzz-noctalia-shell-2026-01-01_f7d0c99/share/noctalia-shell/shell.qml"
[32m  INFO[0m: Shell ID: "e7e94ee79027c6657471871da9cc9341" Path ID "e7e94ee79027c6657471871da9cc9341"
[32m  INFO[0m: Saving logs to "/run/user/1000/quickshell/by-id/it682nb78t/log.qslog"
[32m  INFO[97m qml[0m: [36m[20260102-030151][0m [35m          I18n[0m Service started
[32m  INFO[97m qml[0m: [36m[20260102-030151][0m [35m         Shell[0m ---------------------------
[32m  INFO[97m qml[0m: [36m[20260102-030151][0m [35m         Shell[0m Noctalia Hello!
[32m  INFO[0m: Configuration Loaded
[32m  INFO[97m qml[0m: [36m[20260102-030151][0m [35m      Settings[0m Settings loaded
[32m  INFO[97m qml[0m: [36m[20260102-030151][0m [35m      Settings[0m adapter.settingsVersion: 32
[32m  INFO[97m qml[0m: [36m[20260102-030151][0m [35m      Settings[0m Migrating settings to v33
[32m  INFO[97m qml[0m: [36m[20260102-030151][0m [35m      Settings[0m Set wallpaperChangeMode=random (randomEnabled was false)
[32m  INFO[97m qml[0m: [36m[20260102-030151][0m [35m      Settings[0m Migrating settings to v35
[32m  INFO[97m qml[0m: [36m[20260102-030151][0m [35m      Settings[0m Migrated bar.transparent=true to backgroundOpacity=0, useSeparateOpacity=true
[32m  INFO[97m qml[0m: [36m[20260102-030151][0m [35m      Settings[0m Migrating settings to v36
[32m  INFO[97m qml[0m: [36m[20260102-030151][0m [35m      Settings[0m Cleared legacy emoji usage file at: /home/patin/.cache/noctalia/emoji_usage.json
[32m  INFO[97m qml[0m: [36m[20260102-030151][0m [35mPluginRegistry[0m Loaded plugin states from: /home/patin/.config/noctalia/plugins.json
[32m  INFO[97m qml[0m: [36m[20260102-030151][0m [35mPluginRegistry[0m Migrating plugin data to v2 (adding sourceUrl)
[32m  INFO[97m qml[0m: [36m[20260102-030151][0m [35mPluginRegistry[0m Migration complete
[32m  INFO[97m qml[0m: [36m[20260102-030151][0m [35mPluginRegistry[0m Scanning plugin folder: /home/patin/.config/noctalia/plugins
[33m  WARN[97m qt.qpa.services[0m: Failed to register with host portal QDBusError("org.freedesktop.portal.Error.Failed", "Could not register app ID: App info not found for 'org.quickshell'")
[32m  INFO[97m qml[0m: [36m[20260102-030151][0m [35m          I18n[0m Language set to "en" with locale "en-Latn-US"
[33m  WARN[97m scene[0m: QML FileView at @Services/Noctalia/PluginRegistry.qml[101:38]: Write of /home/patin/.config/noctalia/plugins.json failed: Permission denied.
[32m  INFO[97m qml[0m: [36m[20260102-030151][0m [35m          I18n[0m Loaded translations for "en"
[32m  INFO[97m qml[0m: [36m[20260102-030151][0m [35m         Icons[0m Service started
[32m  INFO[97m qml[0m: [36m[20260102-030151][0m [35mLockKeysServic[0m Service started, performing initial state check.
[32m  INFO[97m qml[0m: [36m[20260102-030151][0m [35m    Brightness[0m Service started
[32m  INFO[97m qml[0m: [36m[20260102-030152][0m [35mDesktopWidgetR[0m Service started
[32m  INFO[97m qml[0m: [36m[20260102-030152][0m [35mHyprlandServic[0m Service started
[32m  INFO[97m qml[0m: [36m[20260102-030152][0m [35m         Shell[0m ---------------------------
[32m  INFO[97m qml[0m: [36m[20260102-030152][0m [35m     Wallpaper[0m Service started
[32m  INFO[97m qml[0m: [36m[20260102-030152][0m [35m    ImageCache[0m Service started
[32m  INFO[97m qml[0m: [36m[20260102-030152][0m [35mAppThemeServic[0m Service started
[32m  INFO[97m qml[0m: [36m[20260102-030152][0m [35m   ColorScheme[0m Service started
[32m  INFO[97m qml[0m: [36m[20260102-030152][0m [35m      Location[0m Service started
[32m  INFO[97m qml[0m: [36m[20260102-030152][0m [35mDarkModeServic[0m Service started
[32m  INFO[97m qml[0m: [36m[20260102-030152][0m [35m  HooksService[0m Service started
[32m  INFO[97m qml[0m: [36m[20260102-030152][0m [35m     Bluetooth[0m BluetoothAgent type appears unavailable; starting fallback agent
[32m  INFO[97m qml[0m: [36m[20260102-030152][0m [35m     Bluetooth[0m Starting fallback bluetoothctl agent (KeyboardDisplay)
[32m  INFO[97m qml[0m: [36m[20260102-030152][0m [35m     Bluetooth[0m Service started
[32m  INFO[97m qml[0m: [36m[20260102-030152][0m [35m IdleInhibitor[0m Service started
[32m  INFO[97m qml[0m: [36m[20260102-030152][0m [35m   HostService[0m Service started
[32m  INFO[97m qml[0m: [36m[20260102-030152][0m [35m        GitHub[0m Service started
[32m  INFO[97m qml[0m: [36m[20260102-030152][0m [35m     Wallpaper[0m Starting recursive scan for eDP-1 in /home/patin/Pictures/walls
[32m  INFO[97m qml[0m: [36m[20260102-030152][0m [35m     Wallpaper[0m Starting recursive scan for HDMI-A-2 in /home/patin/Pictures/walls
[32m  INFO[97m qml[0m: [36m[20260102-030152][0m [35m      Location[0m Coordinates ready
[32m  INFO[97m qml[0m: [36m[20260102-030152][0m [35m   HostService[0m Detected NixOS 26.05 (Yarara)
[32m  INFO[97m qml[0m: [36m[20260102-030152][0m [35m   HostService[0m Looking for logo icon: nix-snowflake
[32m  INFO[97m qml[0m: [36m[20260102-030152][0m [35m        GitHub[0m Checking cache - timestamp: 1767288199 now: 1767297712 age: 159 minutes
[32m  INFO[97m qml[0m: [36m[20260102-030152][0m [35m        GitHub[0m Cache expired or missing, scheduling fetch (update frequency: 60 minutes)
[32m  INFO[97m qml[0m: [36m[20260102-030152][0m [35mPluginRegistry[0m Found 15 potential plugin directories
[32m  INFO[97m qml[0m: [36m[20260102-030152][0m [35mPluginRegistry[0m Starting to load 15 manifests
[32m  INFO[97m qml[0m: [36m[20260102-030152][0m [35m    NightLight[0m Wlsunset started: wlsunset,-t,4000,-T,6500,-l,13.625,-L,100.625,-d,900
[32m  INFO[97m qml[0m: [36m[20260102-030152][0m [35m    ImageCache[0m ImageMagick available
[32m  INFO[97m qml[0m: [36m[20260102-030152][0m [35m   HostService[0m resolved real name Patin Muangjan
[33m  WARN[97m scene[0m: QML FileView at @Services/Theming/ColorSchemeService.qml[178:3]: Read of /nix/store/k0cs3hwdfkr5khvjm7gla20n6prjvzzz-noctalia-shell-2026-01-01_f7d0c99/share/noctalia-shell/Assets/ColorScheme/Tokyo Night Moon/Tokyo Night Moon.json failed: File does not exist.
[32m  INFO[97m qml[0m: [36m[20260102-030152][0m [35m    Brightness[0m Detected DDC Monitor: 24G2W1G3- on bus 1 is DDC: true
[32m  INFO[97m qml[0m: [36m[20260102-030152][0m [35m    Brightness[0m Detected DDC Monitor: Product code:         5273  (0x1499) on bus 4 is DDC: false
[32m  INFO[97m qml[0m: [36m[20260102-030152][0m [35mKeyboardLayout[0m Service started
[32m  INFO[97m qml[0m: [36m[20260102-030152][0m [35m     Wallpaper[0m Recursive scan completed for eDP-1 found 4 files
[32m  INFO[97m qml[0m: [36m[20260102-030152][0m [35m     Wallpaper[0m Recursive scan completed for HDMI-A-2 found 4 files
[32m  INFO[97m qml[0m: [36m[20260102-030152][0m [35mPluginRegistry[0m Loaded plugin: catwalk - Catwalk
[32m  INFO[97m qml[0m: [36m[20260102-030152][0m [35mPluginRegistry[0m Loaded plugin: fancy-audiovisualizer - Fancy Audiovisualizer
[32m  INFO[97m qml[0m: [36m[20260102-030152][0m [35mPluginRegistry[0m Loaded plugin: hello-world - Hello World
[32m  INFO[97m qml[0m: [36m[20260102-030152][0m [35mPluginRegistry[0m Loaded plugin: launcher-button - Launcher Button
[32m  INFO[97m qml[0m: [36m[20260102-030152][0m [35mPluginRegistry[0m Loaded plugin: mangowc-layout-switcher - Mangowc Layout Switcher
[32m  INFO[97m qml[0m: [36m[20260102-030152][0m [35mPluginRegistry[0m Loaded plugin: mini-docker - Mini Docker
[32m  INFO[97m qml[0m: [36m[20260102-030152][0m [35mPluginRegistry[0m Loaded plugin: network-indicator - NetworkIndicator
[32m  INFO[97m qml[0m: [36m[20260102-030152][0m [35mPluginRegistry[0m Loaded plugin: noctalia-supergfxctl - SuperGFX Control
[32m  INFO[97m qml[0m: [36m[20260102-030152][0m [35mPluginRegistry[0m Loaded plugin: privacy-indicator - Privacy Indicator
[32m  INFO[97m qml[0m: [36m[20260102-030152][0m [35mPluginRegistry[0m Loaded plugin: simple-notes - Simple Notes
[32m  INFO[97m qml[0m: [36m[20260102-030152][0m [35mPluginRegistry[0m Loaded plugin: todo - Todo List
[32m  INFO[97m qml[0m: [36m[20260102-030152][0m [35mPluginRegistry[0m Loaded plugin: update-count - Update Count
[32m  INFO[97m qml[0m: [36m[20260102-030152][0m [35mPluginRegistry[0m All plugin manifests loaded. Total plugins: 12
[32m  INFO[97m qml[0m: [36m[20260102-030152][0m [35m PluginService[0m Initializing plugin system
[32m  INFO[97m qml[0m: [36m[20260102-030152][0m [35m PluginService[0m Found 1 enabled plugins: ["privacy-indicator"]
[32m  INFO[97m qml[0m: [36m[20260102-030152][0m [35m PluginService[0m Loading plugin: privacy-indicator
[32m  INFO[97m qml[0m: [36m[20260102-030152][0m [35mBarWidgetRegis[0m Registered plugin widget: plugin:privacy-indicator
[32m  INFO[97m qml[0m: [36m[20260102-030152][0m [35m PluginService[0m Loaded bar widget for plugin: privacy-indicator
[32m  INFO[97m qml[0m: [36m[20260102-030152][0m [35m PluginService[0m Plugin loaded: privacy-indicator
[32m  INFO[97m qml[0m: [36m[20260102-030152][0m [35m    BarService[0m Service started
[32m  INFO[97m qml[0m: [36m[20260102-030152][0m [35m   EmojiPlugin[0m Initialized
[32m  INFO[97m qml[0m: [36m[20260102-030152][0m [35mClipboardPlugi[0m Initialized
[32m  INFO[97m qml[0m: [36m[20260102-030152][0m [35m       Network[0m Service started
[32m  INFO[97m qml[0m: [36m[20260102-030152][0m [35m   EmojiPlugin[0m Initialized
[32m  INFO[97m qml[0m: [36m[20260102-030152][0m [35mClipboardPlugi[0m Initialized
[32m  INFO[97m qml[0m: [36m[20260102-030152][0m [35m PluginService[0m All plugins loaded
[32m  INFO[97m qml[0m: [36m[20260102-030152][0m [35m PluginService[0m Refreshing available plugins
[31m ERROR[97m quickshell.service.pipewire.node[0m: PwNode(0x7f08bbcde200, id=96/bound) has attached device PwDevice(0x7f08bbe8a520, id=61/bound) but no card.profile.device property.
[31m ERROR[97m quickshell.service.pipewire.node[0m: PwNode(0x7f08bbcde2e0, id=98/bound) has attached device PwDevice(0x7f08bbe8a660, id=63/bound) but no card.profile.device property.
[32m  INFO[97m qml[0m: [36m[20260102-030153][0m [35m    Brightness[0m Detected DDC Monitor: 24G2W1G3- on bus 1 is DDC: true
[32m  INFO[97m qml[0m: [36m[20260102-030153][0m [35m    Brightness[0m Detected DDC Monitor: Product code:         5273  (0x1499) on bus 4 is DDC: false
[32m  INFO[97m qml[0m: [36m[20260102-030154][0m [35m          Font[0m Service started
[32m  INFO[97m qml[0m: [36m[20260102-030154][0m [35m UpdateService[0m Version: v3.8.0-git
[32m  INFO[97m qml[0m: [36m[20260102-030154][0m [35m          Font[0m Loaded 512 fonts, 70 monospace
[32m  INFO[97m qml[0m: [36m[20260102-030154][0m [35m PluginService[0m Loaded 12 plugins from Official Noctalia Plugins
[32m  INFO[97m qml[0m: [36m[20260102-030154][0m [35m PluginService[0m All plugins are up to date
